14:53:01.954,spawnWaves,1
14:53:01.958,startGame
14:53:08.657,0,newWord,new
14:53:09.697,0,newWord,house
14:53:10.597,0,newWord,doctor
14:53:11.270,spawnWaves,2
15:09:35.865,spawnWaves,1
15:09:35.867,startGame
15:09:44.324,0,newWord,case
15:09:51.794,0,newWord,fear
15:17:12.681,spawnWaves,1
15:17:12.683,startGame
15:17:21.222,0,newWord,image
15:21:03.086,spawnWaves,1
15:21:03.088,startGame
15:21:10.266,0,newWord,interview
15:21:17.419,0,newWord,coach
15:21:21.505,0,newWord,hard
15:21:22.631,spawnWaves,2
15:21:33.860,0,newWord,close
15:21:36.946,0,newWord,inside
15:21:40.313,0,newWord,employee
15:21:53.358,loseWaive,2
15:21:54.370,loseWaive,2
15:22:31.776,spawnWaves,1
15:22:31.778,startGame
15:22:40.544,0,newWord,office
15:22:49.584,0,newWord,drop
15:22:52.959,0,newWord,one
15:22:54.797,spawnWaves,2
15:23:05.086,0,newWord,thank
15:23:22.814,loseWaive,2
15:23:24.831,0,newWord,need
15:23:27.961,loseWaive,2
15:23:29.601,0,newWord,firm
15:28:00.768,spawnWaves,1
15:28:00.770,startGame
15:28:11.570,0,newWord,cup
15:28:26.797,0,newWord,do
15:28:30.242,0,newWord,operation
15:28:40.265,loseWaive,1
15:28:40.281,spawnWaves,1
15:29:07.588,loseWaive,1
15:29:10.620,loseWaive,1
15:29:13.525,loseWaive,1
15:29:56.730,spawnWaves,1
15:29:56.733,startGame
15:30:03.941,0,newWord,culture
15:30:11.034,0,newWord,dog
15:30:23.677,spawnWaves,1
15:30:23.679,startGame
15:30:30.595,0,newWord,similar
