15:30:48.235,spawnWaves,1
15:30:48.238,startGame
15:30:56.323,newPlayer,2
15:30:58.044,newPlayer,2
15:30:59.200,newPlayer,0
15:31:00.061,newPlayer,0
19:10:28.595,spawnWaves,1
19:10:28.598,startGame
19:10:34.979,0,newWord,positive
19:10:36.641,0,newWord,choose
19:10:38.747,0,newWord,base
19:10:39.262,spawnWaves,2
19:10:45.272,0,newWord,speech
19:10:46.789,0,newWord,couple
19:10:47.709,0,newWord,artist
19:10:49.138,0,newWord,short
19:10:49.645,spawnWaves,3
19:10:55.683,0,newWord,stop
19:10:56.694,0,newWord,air
19:10:57.378,0,newWord,several
19:10:58.713,0,newWord,interesting
19:11:00.543,0,newWord,yet
19:11:00.796,spawnWaves,4
19:11:06.749,0,newWord,city
19:11:07.622,0,newWord,note
19:11:08.481,0,newWord,tree
19:11:09.256,0,newWord,television
19:11:12.150,0,newWord,draw
19:11:13.258,0,newWord,wonder
19:11:13.749,spawnWaves,5
19:11:19.930,0,newWord,beyond
19:11:21.227,0,newWord,star
19:11:21.923,0,newWord,machine
19:11:22.718,0,newWord,mother
19:11:24.069,0,newWord,find
19:11:24.709,0,newWord,report
19:11:26.159,0,newWord,need
19:11:26.645,spawnWaves,6
